Using pre-set license
Built from '2020.3/staging' branch; Version is '2020.3.30f1 (1fb1bf06830e) revision 2077119'; Using compiler version '192528614'; Build Type 'Release'
OS: 'Windows 10  (10.0.19043) 64bit Professional' Language: 'en' Physical Memory: 16138 MB
BatchMode: 1, IsHumanControllingUs: 0, StartBugReporterOnCrash: 0, Is64bit: 1, IsPro: 0

COMMAND LINE ARGUMENTS:
C:\Program Files\Unity\Hub\Editor\2020.3.30f1\Editor\Unity.exe
-adb2
-batchMode
-noUpm
-name
AssetImportWorker0
-projectPath
C:/Users/Čatiņš Inc/PyBuddy
-logFile
Logs/AssetImportWorker0.log
-srvPort
51066
Successfully changed project path to: C:/Users/Čatiņš Inc/PyBuddy
C:/Users/Čatiņš Inc/PyBuddy
Using Asset Import Pipeline V2.
Refreshing native plugins compatible for Editor in 109.26 ms, found 2 plugins.
Preloading 0 native plugins for Editor in 0.00 ms.
Initialize engine version: 2020.3.30f1 (1fb1bf06830e)
[Subsystems] Discovering subsystems at path C:/Program Files/Unity/Hub/Editor/2020.3.30f1/Editor/Data/Resources/UnitySubsystems
[Subsystems] Discovering subsystems at path C:/Users/Čatiņš Inc/PyBuddy/Assets
GfxDevice: creating device client; threaded=0
Direct3D:
    Version:  Direct3D 11.0 [level 11.1]
    Renderer: NVIDIA Quadro P1000 (ID=0x1cbb)
    Vendor:   
    VRAM:     4022 MB
    Driver:   30.0.15.1215
Initialize mono
Mono path[0] = 'C:/Program Files/Unity/Hub/Editor/2020.3.30f1/Editor/Data/Managed'
Mono path[1] = 'C:/Program Files/Unity/Hub/Editor/2020.3.30f1/Editor/Data/MonoBleedingEdge/lib/mono/unityjit'
Mono config path = 'C:/Program Files/Unity/Hub/Editor/2020.3.30f1/Editor/Data/MonoBleedingEdge/etc'
Using monoOptions --debugger-agent=transport=dt_socket,embedding=1,server=y,suspend=n,address=127.0.0.1:56192
Begin MonoManager ReloadAssembly
Registering precompiled unity dll's ...
Register platform support module: C:/Program Files/Unity/Hub/Editor/2020.3.30f1/Editor/Data/PlaybackEngines/WindowsStandaloneSupport/UnityEditor.WindowsStandalone.Extensions.dll
Registered in 0.003665 seconds.
Native extension for WindowsStandalone target not found
Refreshing native plugins compatible for Editor in 95.62 ms, found 2 plugins.
Preloading 0 native plugins for Editor in 0.00 ms.
Mono: successfully reloaded assembly
- Completed reload, in  0.667 seconds
Domain Reload Profiling:
	ReloadAssembly (669ms)
		BeginReloadAssembly (69ms)
			ExecutionOrderSort (0ms)
			DisableScriptedObjects (0ms)
			BackupInstance (0ms)
			ReleaseScriptingObjects (0ms)
			CreateAndSetChildDomain (1ms)
		EndReloadAssembly (510ms)
			LoadAssemblies (64ms)
			RebuildTransferFunctionScriptingTraits (0ms)
			SetupTypeCache (161ms)
			ReleaseScriptCaches (0ms)
			RebuildScriptCaches (28ms)
			SetupLoadedEditorAssemblies (212ms)
				LogAssemblyErrors (0ms)
				InitializePlatformSupportModulesInManaged (5ms)
				SetLoadedEditorAssemblies (0ms)
				RefreshPlugins (97ms)
				BeforeProcessingInitializeOnLoad (7ms)
				ProcessInitializeOnLoadAttributes (76ms)
				ProcessInitializeOnLoadMethodAttributes (27ms)
				AfterProcessingInitializeOnLoad (0ms)
				EditorAssembliesLoaded (0ms)
			ExecutionOrderSort2 (0ms)
			AwakeInstancesAfterBackupRestoration (0ms)
Platform modules already initialized, skipping
Registering precompiled user dll's ...
Registered in 0.006723 seconds.
Begin MonoManager ReloadAssembly
Native extension for WindowsStandalone target not found
Refreshing native plugins compatible for Editor in 101.42 ms, found 2 plugins.
Preloading 0 native plugins for Editor in 0.00 ms.
Mono: successfully reloaded assembly
- Completed reload, in  1.551 seconds
Domain Reload Profiling:
	ReloadAssembly (1552ms)
		BeginReloadAssembly (172ms)
			ExecutionOrderSort (0ms)
			DisableScriptedObjects (5ms)
			BackupInstance (0ms)
			ReleaseScriptingObjects (0ms)
			CreateAndSetChildDomain (21ms)
		EndReloadAssembly (1311ms)
			LoadAssemblies (119ms)
			RebuildTransferFunctionScriptingTraits (0ms)
			SetupTypeCache (367ms)
			ReleaseScriptCaches (1ms)
			RebuildScriptCaches (74ms)
			SetupLoadedEditorAssemblies (643ms)
				LogAssemblyErrors (0ms)
				InitializePlatformSupportModulesInManaged (4ms)
				SetLoadedEditorAssemblies (0ms)
				RefreshPlugins (102ms)
				BeforeProcessingInitializeOnLoad (106ms)
				ProcessInitializeOnLoadAttributes (256ms)
				ProcessInitializeOnLoadMethodAttributes (163ms)
				AfterProcessingInitializeOnLoad (12ms)
				EditorAssembliesLoaded (0ms)
			ExecutionOrderSort2 (0ms)
			AwakeInstancesAfterBackupRestoration (6ms)
Platform modules already initialized, skipping
========================================================================
Worker process is ready to serve import requests
Launched and connected shader compiler UnityShaderCompiler.exe after 0.08 seconds
Refreshing native plugins compatible for Editor in 1.04 ms, found 2 plugins.
Preloading 0 native plugins for Editor in 0.00 ms.
Unloading 4434 Unused Serialized files (Serialized files now loaded: 0)
System memory in use before: 292.3 MB.
System memory in use after: 292.5 MB.

Unloading 21 unused Assets to reduce memory usage. Loaded Objects now: 4895.
Total: 5.996400 ms (FindLiveObjects: 0.367600 ms CreateObjectMapping: 0.322100 ms MarkObjects: 5.213100 ms  DeleteObjects: 0.092500 ms)

AssetImportParameters requested are different than current active one (requested -> active):
  custom:framework-win-MediaFoundation: 216162199b28c13a410421893ffa2e32 -> 
  custom:video-decoder-ogg-theora: a1e56fd34408186e4bbccfd4996cb3dc -> 
  custom:container-muxer-webm: aa71ff27fc2769a1b78a27578f13a17b -> 
  custom:container-demuxer-webm: 4f35f7cbe854078d1ac9338744f61a02 -> 
  custom:container-demuxer-ogg: 62fdf1f143b41e24485cea50d1cbac27 -> 
  custom:video-encoder-webm-vp8: eb34c28f22e8b96e1ab97ce403110664 -> 
  custom:video-decoder-webm-vp8: 9c59270c3fd7afecdb556c50c9e8de78 -> 
  custom:audio-decoder-ogg-vorbis: bf7c407c2cedff20999df2af8eb42d56 -> 
  custom:audio-encoder-webm-vorbis: bf7c407c2cedff20999df2af8eb42d56 -> 
========================================================================
Received Import Request.
  path: Assets/EffectExamples/Fire & Explosion Effects/Materials/TinyFlame.mat
  artifactKey: Guid(2a24b896dbe48144ab8d4a90468ad00e) Importer(815301076,1909f56bfc062723c751e8b465ee728b)
Start importing Assets/EffectExamples/Fire & Explosion Effects/Materials/TinyFlame.mat using Guid(2a24b896dbe48144ab8d4a90468ad00e) Importer(815301076,1909f56bfc062723c751e8b465ee728b)  -> (artifact id: '26e25671b8e870da0ab10a46f397f949') in 2.227371 seconds 
========================================================================
Received Import Request.
  Time since last request: 0.000609 seconds.
  path: Assets/EffectExamples/Fire & Explosion Effects/Materials/Embers.mat
  artifactKey: Guid(776677ab3818fb249adaca05f4e04545) Importer(815301076,1909f56bfc062723c751e8b465ee728b)
Start importing Assets/EffectExamples/Fire & Explosion Effects/Materials/Embers.mat using Guid(776677ab3818fb249adaca05f4e04545) Importer(815301076,1909f56bfc062723c751e8b465ee728b)  -> (artifact id: '3d1f9f557a902aba421b1d07571149ba') in 0.055977 seconds 
========================================================================
Received Import Request.
  Time since last request: 0.000690 seconds.
  path: Assets/EffectExamples/Fire & Explosion Effects/Materials/ExplosionDistortion.mat
  artifactKey: Guid(fafa06e8ef8c7fb4eac7a74c65cf3a06) Importer(815301076,1909f56bfc062723c751e8b465ee728b)
Start importing Assets/EffectExamples/Fire & Explosion Effects/Materials/ExplosionDistortion.mat using Guid(fafa06e8ef8c7fb4eac7a74c65cf3a06) Importer(815301076,1909f56bfc062723c751e8b465ee728b)  -> (artifact id: '312556933a83300f4fc51c179203d212') in 0.101086 seconds 
========================================================================
Received Import Request.
  Time since last request: 0.000699 seconds.
  path: Assets/EffectExamples/Fire & Explosion Effects/Materials/Lightning.mat
  artifactKey: Guid(0b1b6a2d22d96564f9037ae143ea84cf) Importer(815301076,1909f56bfc062723c751e8b465ee728b)
Start importing Assets/EffectExamples/Fire & Explosion Effects/Materials/Lightning.mat using Guid(0b1b6a2d22d96564f9037ae143ea84cf) Importer(815301076,1909f56bfc062723c751e8b465ee728b)  -> (artifact id: '4a53d07a5d68c9b932f15560d7756780') in 0.101495 seconds 
========================================================================
Received Import Request.
  Time since last request: 0.000712 seconds.
  path: Assets/EffectExamples/Fire & Explosion Effects/Materials/LargeFlame02.mat
  artifactKey: Guid(b25dd701bdc692249907c8b4e4b784b2) Importer(815301076,1909f56bfc062723c751e8b465ee728b)
Start importing Assets/EffectExamples/Fire & Explosion Effects/Materials/LargeFlame02.mat using Guid(b25dd701bdc692249907c8b4e4b784b2) Importer(815301076,1909f56bfc062723c751e8b465ee728b)  -> (artifact id: 'b686dc85803ced0d448ae5092517cb2a') in 0.106185 seconds 
========================================================================
Received Import Request.
  Time since last request: 0.000747 seconds.
  path: Assets/EffectExamples/Fire & Explosion Effects/Materials/MediumFlame01.mat
  artifactKey: Guid(5584a46a2a298d348a252b58b4847ae0) Importer(815301076,1909f56bfc062723c751e8b465ee728b)
Start importing Assets/EffectExamples/Fire & Explosion Effects/Materials/MediumFlame01.mat using Guid(5584a46a2a298d348a252b58b4847ae0) Importer(815301076,1909f56bfc062723c751e8b465ee728b)  -> (artifact id: '55ff4898c4751ec6eaefb27f67a720d8') in 0.097293 seconds 
========================================================================
Received Import Request.
  Time since last request: 0.000674 seconds.
  path: Assets/EffectExamples/Fire & Explosion Effects/Materials/FireExplosion.mat
  artifactKey: Guid(7a306caa8f9f7ed40a5361ce411cdf1b) Importer(815301076,1909f56bfc062723c751e8b465ee728b)
Start importing Assets/EffectExamples/Fire & Explosion Effects/Materials/FireExplosion.mat using Guid(7a306caa8f9f7ed40a5361ce411cdf1b) Importer(815301076,1909f56bfc062723c751e8b465ee728b)  -> (artifact id: '410e17593090bccb658ef8727229a081') in 0.099346 seconds 
========================================================================
Received Import Request.
  Time since last request: 0.000721 seconds.
  path: Assets/EffectExamples/Fire & Explosion Effects/Materials/EnergyExplosion.mat
  artifactKey: Guid(bf88af72084132746823869f28b070f8) Importer(815301076,1909f56bfc062723c751e8b465ee728b)
Start importing Assets/EffectExamples/Fire & Explosion Effects/Materials/EnergyExplosion.mat using Guid(bf88af72084132746823869f28b070f8) Importer(815301076,1909f56bfc062723c751e8b465ee728b)  -> (artifact id: '770c017ce9db46559df45517f1b9620e') in 0.093402 seconds 
========================================================================
Received Import Request.
  Time since last request: 0.000842 seconds.
  path: Assets/EffectExamples/Fire & Explosion Effects/Materials/Explosion.mat
  artifactKey: Guid(6421a5a06ae9f7a47a57b67f35c73b5a) Importer(815301076,1909f56bfc062723c751e8b465ee728b)
Start importing Assets/EffectExamples/Fire & Explosion Effects/Materials/Explosion.mat using Guid(6421a5a06ae9f7a47a57b67f35c73b5a) Importer(815301076,1909f56bfc062723c751e8b465ee728b)  -> (artifact id: 'a9cc3c874ac49ce2006f190018e3a270') in 0.097926 seconds 
========================================================================
Received Import Request.
  Time since last request: 0.001791 seconds.
  path: Assets/EffectExamples/Fire & Explosion Effects/Materials/Dust.mat
  artifactKey: Guid(53a63d52a4c231f4c8ef0f2bfc170425) Importer(815301076,1909f56bfc062723c751e8b465ee728b)
Start importing Assets/EffectExamples/Fire & Explosion Effects/Materials/Dust.mat using Guid(53a63d52a4c231f4c8ef0f2bfc170425) Importer(815301076,1909f56bfc062723c751e8b465ee728b)  -> (artifact id: '00886ea97208b1098f09f0ce5dd30a75') in 0.100211 seconds 
========================================================================
Received Import Request.
  Time since last request: 0.000855 seconds.
  path: Assets/EffectExamples/Fire & Explosion Effects/Materials/EnergyShockwave.mat
  artifactKey: Guid(65586f2fde3974c4e9469dfe6cf89338) Importer(815301076,1909f56bfc062723c751e8b465ee728b)
Start importing Assets/EffectExamples/Fire & Explosion Effects/Materials/EnergyShockwave.mat using Guid(65586f2fde3974c4e9469dfe6cf89338) Importer(815301076,1909f56bfc062723c751e8b465ee728b)  -> (artifact id: '15034303d55afdf90f639237706ff5d4') in 0.084122 seconds 
========================================================================
Received Import Request.
  Time since last request: 0.000730 seconds.
  path: Assets/EffectExamples/Fire & Explosion Effects/Materials/LargeFlame01.mat
  artifactKey: Guid(af29e4d6b5ada10438f9e9b5bb6d19d3) Importer(815301076,1909f56bfc062723c751e8b465ee728b)
Start importing Assets/EffectExamples/Fire & Explosion Effects/Materials/LargeFlame01.mat using Guid(af29e4d6b5ada10438f9e9b5bb6d19d3) Importer(815301076,1909f56bfc062723c751e8b465ee728b)  -> (artifact id: '3adae8735511b04198c6dc56baf72057') in 0.093434 seconds 
========================================================================
Received Import Request.
  Time since last request: 0.000765 seconds.
  path: Assets/EffectExamples/Fire & Explosion Effects/Materials/SandParticle.mat
  artifactKey: Guid(4ea8613283885aa45a5c6eb29a50bdb0) Importer(815301076,1909f56bfc062723c751e8b465ee728b)
Start importing Assets/EffectExamples/Fire & Explosion Effects/Materials/SandParticle.mat using Guid(4ea8613283885aa45a5c6eb29a50bdb0) Importer(815301076,1909f56bfc062723c751e8b465ee728b)  -> (artifact id: '5009b2b8d7a87e43d66d477e28e3f580') in 0.094096 seconds 
========================================================================
Received Import Request.
  Time since last request: 0.000727 seconds.
  path: Assets/EffectExamples/Fire & Explosion Effects/Materials/MediumFlame03.mat
  artifactKey: Guid(6b187db0c2e012840b1199ccf0893b54) Importer(815301076,1909f56bfc062723c751e8b465ee728b)
Start importing Assets/EffectExamples/Fire & Explosion Effects/Materials/MediumFlame03.mat using Guid(6b187db0c2e012840b1199ccf0893b54) Importer(815301076,1909f56bfc062723c751e8b465ee728b)  -> (artifact id: '0a177630c478d687f79ccc9c41dcda05') in 0.156865 seconds 
========================================================================
Received Import Request.
  Time since last request: 0.000772 seconds.
  path: Assets/EffectExamples/Fire & Explosion Effects/Materials/Flame03.mat
  artifactKey: Guid(d7f098ed9997e714193be5e86df013f4) Importer(815301076,1909f56bfc062723c751e8b465ee728b)
Start importing Assets/EffectExamples/Fire & Explosion Effects/Materials/Flame03.mat using Guid(d7f098ed9997e714193be5e86df013f4) Importer(815301076,1909f56bfc062723c751e8b465ee728b)  -> (artifact id: '6d8ff15babf5e409cb0270f27927ccdb') in 0.162506 seconds 
========================================================================
Received Import Request.
  Time since last request: 0.003560 seconds.
  path: Assets/EffectExamples/Fire & Explosion Effects/Materials/DebrisParticle.mat
  artifactKey: Guid(72815344e9e9c7446895e130936932d7) Importer(815301076,1909f56bfc062723c751e8b465ee728b)
Start importing Assets/EffectExamples/Fire & Explosion Effects/Materials/DebrisParticle.mat using Guid(72815344e9e9c7446895e130936932d7) Importer(815301076,1909f56bfc062723c751e8b465ee728b)  -> (artifact id: 'e35348db32b548fcf2b9318db10cb3dd') in 0.093502 seconds 
========================================================================
Received Import Request.
  Time since last request: 0.000856 seconds.
  path: Assets/EffectExamples/Fire & Explosion Effects/Materials/PlasmaFire.mat
  artifactKey: Guid(b5387d3c2ba98fc44a0f5744f94ce48c) Importer(815301076,1909f56bfc062723c751e8b465ee728b)
Start importing Assets/EffectExamples/Fire & Explosion Effects/Materials/PlasmaFire.mat using Guid(b5387d3c2ba98fc44a0f5744f94ce48c) Importer(815301076,1909f56bfc062723c751e8b465ee728b)  -> (artifact id: 'bb469cbef32bf3cc9b0c929a4ce2f999') in 0.084455 seconds 
========================================================================
Received Import Request.
  Time since last request: 0.000726 seconds.
  path: Assets/EffectExamples/Fire & Explosion Effects/Materials/SmokeDark.mat
  artifactKey: Guid(698a8134f4ebbbd4e848648685f68067) Importer(815301076,1909f56bfc062723c751e8b465ee728b)
Start importing Assets/EffectExamples/Fire & Explosion Effects/Materials/SmokeDark.mat using Guid(698a8134f4ebbbd4e848648685f68067) Importer(815301076,1909f56bfc062723c751e8b465ee728b)  -> (artifact id: '12f8e0a7c860c050c6543a9b90b1e8a0') in 0.076644 seconds 
========================================================================
Received Import Request.
  Time since last request: 0.000560 seconds.
  path: Assets/EffectExamples/Fire & Explosion Effects/Materials/fireball.mat
  artifactKey: Guid(3349fc02d104e2b458470ec533f51c16) Importer(815301076,1909f56bfc062723c751e8b465ee728b)
Start importing Assets/EffectExamples/Fire & Explosion Effects/Materials/fireball.mat using Guid(3349fc02d104e2b458470ec533f51c16) Importer(815301076,1909f56bfc062723c751e8b465ee728b)  -> (artifact id: '8d29129d142ab337e3c24164c18b5be9') in 0.068781 seconds 
========================================================================
Received Import Request.
  Time since last request: 0.000532 seconds.
  path: Assets/EffectExamples/Fire & Explosion Effects/Materials/Flame02.mat
  artifactKey: Guid(bd8c234372a08af408b82538314378fe) Importer(815301076,1909f56bfc062723c751e8b465ee728b)
Start importing Assets/EffectExamples/Fire & Explosion Effects/Materials/Flame02.mat using Guid(bd8c234372a08af408b82538314378fe) Importer(815301076,1909f56bfc062723c751e8b465ee728b)  -> (artifact id: '3756238c49fd216125a2c14823f02213') in 0.052546 seconds 
========================================================================
Received Import Request.
  Time since last request: 0.000602 seconds.
  path: Assets/EffectExamples/Fire & Explosion Effects/Materials/LightningTrail.mat
  artifactKey: Guid(123ac6dc79004e54b8b352a7e64acdca) Importer(815301076,1909f56bfc062723c751e8b465ee728b)
Start importing Assets/EffectExamples/Fire & Explosion Effects/Materials/LightningTrail.mat using Guid(123ac6dc79004e54b8b352a7e64acdca) Importer(815301076,1909f56bfc062723c751e8b465ee728b)  -> (artifact id: '4b1c2d27aca21180bf4791e1b4ee30f4') in 0.058859 seconds 
========================================================================
Received Import Request.
  Time since last request: 0.000479 seconds.
  path: Assets/EffectExamples/Fire & Explosion Effects/Materials/Flame04.mat
  artifactKey: Guid(7a812f56d512d964ea8de8fe839e1811) Importer(815301076,1909f56bfc062723c751e8b465ee728b)
Start importing Assets/EffectExamples/Fire & Explosion Effects/Materials/Flame04.mat using Guid(7a812f56d512d964ea8de8fe839e1811) Importer(815301076,1909f56bfc062723c751e8b465ee728b)  -> (artifact id: 'a9635967b91651f0883457e50fa01353') in 0.062807 seconds 
========================================================================
Received Import Request.
  Time since last request: 0.000512 seconds.
  path: Assets/EffectExamples/Fire & Explosion Effects/Materials/MediumFlame02.mat
  artifactKey: Guid(aa233f4c021449540865a6be1af7b157) Importer(815301076,1909f56bfc062723c751e8b465ee728b)
Start importing Assets/EffectExamples/Fire & Explosion Effects/Materials/MediumFlame02.mat using Guid(aa233f4c021449540865a6be1af7b157) Importer(815301076,1909f56bfc062723c751e8b465ee728b)  -> (artifact id: '847b643a09da7e7b2cb07c9bca370513') in 0.056902 seconds 
========================================================================
Received Import Request.
  Time since last request: 13.491106 seconds.
  path: Assets/EffectExamples/Fire & Explosion Effects/Prefabs
  artifactKey: Guid(af557a47dae08a94cb2839384fe7ac98) Importer(815301076,1909f56bfc062723c751e8b465ee728b)
Start importing Assets/EffectExamples/Fire & Explosion Effects/Prefabs using Guid(af557a47dae08a94cb2839384fe7ac98) Importer(815301076,1909f56bfc062723c751e8b465ee728b)  -> (artifact id: '4aa439689fb204667547ff0dbbb8d9df') in 0.005550 seconds 
========================================================================
Received Import Request.
  Time since last request: 286.784616 seconds.
  path: Assets/HDRPDefaultResources/DefaultLookDevProfile.asset
  artifactKey: Guid(c4b4b900b029ad14a8be042bd83b600a) Importer(815301076,1909f56bfc062723c751e8b465ee728b)
Start importing Assets/HDRPDefaultResources/DefaultLookDevProfile.asset using Guid(c4b4b900b029ad14a8be042bd83b600a) Importer(815301076,1909f56bfc062723c751e8b465ee728b)  -> (artifact id: '11b0d7f1931c031ddeb4cb8b1e22ee23') in 0.011844 seconds 
========================================================================
Received Import Request.
  Time since last request: 0.000767 seconds.
  path: Assets/Settings/SampleSceneProfile.asset
  artifactKey: Guid(10fc4df2da32a41aaa32d77bc913491c) Importer(815301076,1909f56bfc062723c751e8b465ee728b)
Start importing Assets/Settings/SampleSceneProfile.asset using Guid(10fc4df2da32a41aaa32d77bc913491c) Importer(815301076,1909f56bfc062723c751e8b465ee728b)  -> (artifact id: '26093712941775a44542fa972950380f') in 0.008619 seconds 
========================================================================
Received Import Request.
  Time since last request: 0.000575 seconds.
  path: Assets/HDRPDefaultResources/DefaultSettingsVolumeProfile.asset
  artifactKey: Guid(d5097b08577158948b0eed7713fd0e51) Importer(815301076,1909f56bfc062723c751e8b465ee728b)
Start importing Assets/HDRPDefaultResources/DefaultSettingsVolumeProfile.asset using Guid(d5097b08577158948b0eed7713fd0e51) Importer(815301076,1909f56bfc062723c751e8b465ee728b)  -> (artifact id: 'a4f9eb257f038bb1525beee80aa20599') in 0.005892 seconds 
========================================================================
Received Prepare
Registering precompiled user dll's ...
Registered in 0.008035 seconds.
Begin MonoManager ReloadAssembly
Native extension for WindowsStandalone target not found
Refreshing native plugins compatible for Editor in 0.80 ms, found 2 plugins.
Preloading 0 native plugins for Editor in 0.00 ms.
Mono: successfully reloaded assembly
- Completed reload, in  1.534 seconds
Domain Reload Profiling:
	ReloadAssembly (1535ms)
		BeginReloadAssembly (251ms)
			ExecutionOrderSort (0ms)
			DisableScriptedObjects (38ms)
			BackupInstance (0ms)
			ReleaseScriptingObjects (0ms)
			CreateAndSetChildDomain (60ms)
		EndReloadAssembly (1207ms)
			LoadAssemblies (132ms)
			RebuildTransferFunctionScriptingTraits (0ms)
			SetupTypeCache (369ms)
			ReleaseScriptCaches (2ms)
			RebuildScriptCaches (73ms)
			SetupLoadedEditorAssemblies (374ms)
				LogAssemblyErrors (0ms)
				InitializePlatformSupportModulesInManaged (4ms)
				SetLoadedEditorAssemblies (0ms)
				RefreshPlugins (1ms)
				BeforeProcessingInitializeOnLoad (88ms)
				ProcessInitializeOnLoadAttributes (256ms)
				ProcessInitializeOnLoadMethodAttributes (12ms)
				AfterProcessingInitializeOnLoad (12ms)
				EditorAssembliesLoaded (0ms)
			ExecutionOrderSort2 (0ms)
			AwakeInstancesAfterBackupRestoration (11ms)
Platform modules already initialized, skipping
Refreshing native plugins compatible for Editor in 1.32 ms, found 2 plugins.
Preloading 0 native plugins for Editor in 0.00 ms.
Unloading 4081 Unused Serialized files (Serialized files now loaded: 0)
System memory in use before: 286.5 MB.
System memory in use after: 286.7 MB.

Unloading 14 unused Assets to reduce memory usage. Loaded Objects now: 5101.
Total: 4.742800 ms (FindLiveObjects: 0.522900 ms CreateObjectMapping: 0.300300 ms MarkObjects: 3.853700 ms  DeleteObjects: 0.064800 ms)

AssetImportParameters requested are different than current active one (requested -> active):
  custom:framework-win-MediaFoundation: 216162199b28c13a410421893ffa2e32 -> 
  custom:video-decoder-ogg-theora: a1e56fd34408186e4bbccfd4996cb3dc -> 
  custom:container-muxer-webm: aa71ff27fc2769a1b78a27578f13a17b -> 
  custom:container-demuxer-webm: 4f35f7cbe854078d1ac9338744f61a02 -> 
  custom:container-demuxer-ogg: 62fdf1f143b41e24485cea50d1cbac27 -> 
  custom:video-encoder-webm-vp8: eb34c28f22e8b96e1ab97ce403110664 -> 
  custom:video-decoder-webm-vp8: 9c59270c3fd7afecdb556c50c9e8de78 -> 
  custom:audio-decoder-ogg-vorbis: bf7c407c2cedff20999df2af8eb42d56 -> 
  custom:audio-encoder-webm-vorbis: bf7c407c2cedff20999df2af8eb42d56 -> 
========================================================================
Received Import Request.
  Time since last request: 150.828590 seconds.
  path: Assets/EffectExamples/Weapon Effects/Textures/StoneAlbedo.tif
  artifactKey: Guid(d6971144598309840aa5627e0797e545) Importer(815301076,1909f56bfc062723c751e8b465ee728b)
Start importing Assets/EffectExamples/Weapon Effects/Textures/StoneAlbedo.tif using Guid(d6971144598309840aa5627e0797e545) Importer(815301076,1909f56bfc062723c751e8b465ee728b)  -> (artifact id: 'e6a02e317c9d16e1b7ecd6530b8e9f19') in 0.059086 seconds 
========================================================================
Received Import Request.
  Time since last request: 0.000804 seconds.
  path: Assets/EffectExamples/Weapon Effects/Textures/TinyStones.png
  artifactKey: Guid(f5f94e20533a400479359f21c26305a5) Importer(815301076,1909f56bfc062723c751e8b465ee728b)
Start importing Assets/EffectExamples/Weapon Effects/Textures/TinyStones.png using Guid(f5f94e20533a400479359f21c26305a5) Importer(815301076,1909f56bfc062723c751e8b465ee728b)  -> (artifact id: '1203d7ad54838243d4f775d7df561b3c') in 0.027049 seconds 
========================================================================
Received Import Request.
  Time since last request: 0.000729 seconds.
  path: Assets/EffectExamples/Weapon Effects/Textures/TinyStonesNormals.tif
  artifactKey: Guid(a00b2df6dc199854ba60af0c001a51b2) Importer(815301076,1909f56bfc062723c751e8b465ee728b)
Start importing Assets/EffectExamples/Weapon Effects/Textures/TinyStonesNormals.tif using Guid(a00b2df6dc199854ba60af0c001a51b2) Importer(815301076,1909f56bfc062723c751e8b465ee728b)  -> (artifact id: '4061dc4a7b97d6e50d6484321dd3a326') in 0.021830 seconds 
========================================================================
Received Import Request.
  Time since last request: 0.000565 seconds.
  path: Assets/Shared/Sprites/TitleBorder.png
  artifactKey: Guid(0a936ae5d70c6c14ab943882f62e0a7a) Importer(815301076,1909f56bfc062723c751e8b465ee728b)
Start importing Assets/Shared/Sprites/TitleBorder.png using Guid(0a936ae5d70c6c14ab943882f62e0a7a) Importer(815301076,1909f56bfc062723c751e8b465ee728b)  -> (artifact id: 'fbfcd555684163bf7395fe0f6cdf166c') in 0.034202 seconds 
========================================================================
Received Import Request.
  Time since last request: 0.000715 seconds.
  path: Assets/EffectExamples/Smoke & Steam Effects/Textures/TinyStones.png
  artifactKey: Guid(65446234b901d074f9f44e6adfe03e3e) Importer(815301076,1909f56bfc062723c751e8b465ee728b)
Start importing Assets/EffectExamples/Smoke & Steam Effects/Textures/TinyStones.png using Guid(65446234b901d074f9f44e6adfe03e3e) Importer(815301076,1909f56bfc062723c751e8b465ee728b)  -> (artifact id: '5c2c9b89d2a34b0b1fa6cbf7e1b8634c') in 0.018214 seconds 
========================================================================
Received Import Request.
  Time since last request: 0.000453 seconds.
  path: Assets/EffectExamples/Weapon Effects/Textures/StreamNormal.tif
  artifactKey: Guid(dbf5fd5c04eedf2418e86c377cf5b95b) Importer(815301076,1909f56bfc062723c751e8b465ee728b)
Start importing Assets/EffectExamples/Weapon Effects/Textures/StreamNormal.tif using Guid(dbf5fd5c04eedf2418e86c377cf5b95b) Importer(815301076,1909f56bfc062723c751e8b465ee728b)  -> (artifact id: 'd9448371de4a65f822e504cffc7da011') in 0.015465 seconds 
========================================================================
Received Import Request.
  Time since last request: 0.000773 seconds.
  path: Assets/EffectExamples/Weapon Effects/Textures/StoneNormal.tif
  artifactKey: Guid(e6b70229308faa64880eac4945d59f5e) Importer(815301076,1909f56bfc062723c751e8b465ee728b)
Start importing Assets/EffectExamples/Weapon Effects/Textures/StoneNormal.tif using Guid(e6b70229308faa64880eac4945d59f5e) Importer(815301076,1909f56bfc062723c751e8b465ee728b)  -> (artifact id: 'cec7013b7ce2a5a2fc2f2cd9f4dfd439') in 0.014215 seconds 
========================================================================
Received Import Request.
  Time since last request: 19.876348 seconds.
  path: Assets/EffectExamples/Weapon Effects/Textures/BulletHoleMetalThroughAlbedo.tif
  artifactKey: Guid(4dcc91061fcec7d40a6d7c381bf1eabc) Importer(815301076,1909f56bfc062723c751e8b465ee728b)
Start importing Assets/EffectExamples/Weapon Effects/Textures/BulletHoleMetalThroughAlbedo.tif using Guid(4dcc91061fcec7d40a6d7c381bf1eabc) Importer(815301076,1909f56bfc062723c751e8b465ee728b)  -> (artifact id: '4c89a4a320ccba1a3925edb0f6cfa0f3') in 0.013141 seconds 
========================================================================
Received Import Request.
  Time since last request: 0.000654 seconds.
  path: Assets/EffectExamples/Misc Effects/Textures/Clouds.tif
  artifactKey: Guid(c701d8bbcea7c2c4abbf9c22ee81138a) Importer(815301076,1909f56bfc062723c751e8b465ee728b)
Start importing Assets/EffectExamples/Misc Effects/Textures/Clouds.tif using Guid(c701d8bbcea7c2c4abbf9c22ee81138a) Importer(815301076,1909f56bfc062723c751e8b465ee728b)  -> (artifact id: '47902b5935069abda32b4c671dcaf60a') in 0.016212 seconds 
========================================================================
Received Import Request.
  Time since last request: 0.000544 seconds.
  path: Assets/EffectExamples/Weapon Effects/Textures/BulletHoleRockHeight.tif
  artifactKey: Guid(c948ff4a46d9e134ab96d61acf2022ab) Importer(815301076,1909f56bfc062723c751e8b465ee728b)
Start importing Assets/EffectExamples/Weapon Effects/Textures/BulletHoleRockHeight.tif using Guid(c948ff4a46d9e134ab96d61acf2022ab) Importer(815301076,1909f56bfc062723c751e8b465ee728b)  -> (artifact id: '874958da26ca7b79222228cc7e657add') in 0.016601 seconds 
========================================================================
Received Import Request.
  Time since last request: 0.000679 seconds.
  path: Assets/EffectExamples/Weapon Effects/Textures/BulletHoleRockAlbedo.tif
  artifactKey: Guid(15240786ea512f046bf64137f0abe4a1) Importer(815301076,1909f56bfc062723c751e8b465ee728b)
Start importing Assets/EffectExamples/Weapon Effects/Textures/BulletHoleRockAlbedo.tif using Guid(15240786ea512f046bf64137f0abe4a1) Importer(815301076,1909f56bfc062723c751e8b465ee728b)  -> (artifact id: 'aa8e0c8597218d9f4d14f25cc46ff5b5') in 0.014210 seconds 
========================================================================
Received Import Request.
  Time since last request: 0.000482 seconds.
  path: Assets/EffectExamples/Weapon Effects/Textures/BulletHoleMetalThroughNormal.tif
  artifactKey: Guid(b284a0bea151ce444957bb92f6b50ac4) Importer(815301076,1909f56bfc062723c751e8b465ee728b)
Start importing Assets/EffectExamples/Weapon Effects/Textures/BulletHoleMetalThroughNormal.tif using Guid(b284a0bea151ce444957bb92f6b50ac4) Importer(815301076,1909f56bfc062723c751e8b465ee728b)  -> (artifact id: 'ef52a8056bb0de12af4905632a1e35ce') in 0.013874 seconds 
========================================================================
Received Import Request.
  Time since last request: 0.000611 seconds.
  path: Assets/Shared/Environment/Textures/ConcreteFloor_Albedo.tif
  artifactKey: Guid(e24019282eaf5304c98b7b536af17317) Importer(815301076,1909f56bfc062723c751e8b465ee728b)
Start importing Assets/Shared/Environment/Textures/ConcreteFloor_Albedo.tif using Guid(e24019282eaf5304c98b7b536af17317) Importer(815301076,1909f56bfc062723c751e8b465ee728b)  -> (artifact id: 'bd81d9dd993590b2d441d67f3b0a0179') in 0.016575 seconds 
========================================================================
Received Import Request.
  Time since last request: 0.000554 seconds.
  path: Assets/EffectExamples/Weapon Effects/Textures/BulletHoleRockNormal.tif
  artifactKey: Guid(b7b496609dfcf7d4089ca1e508b14f22) Importer(815301076,1909f56bfc062723c751e8b465ee728b)
Start importing Assets/EffectExamples/Weapon Effects/Textures/BulletHoleRockNormal.tif using Guid(b7b496609dfcf7d4089ca1e508b14f22) Importer(815301076,1909f56bfc062723c751e8b465ee728b)  -> (artifact id: '32124a7f74203eddb97711d47d43893e') in 0.016340 seconds 
========================================================================
Received Import Request.
  Time since last request: 0.000828 seconds.
  path: Assets/EffectExamples/Misc Effects/Textures/CandleFlame.tif
  artifactKey: Guid(e966fe96fc4c60f4fa9eff9e6d32ba67) Importer(815301076,1909f56bfc062723c751e8b465ee728b)
Start importing Assets/EffectExamples/Misc Effects/Textures/CandleFlame.tif using Guid(e966fe96fc4c60f4fa9eff9e6d32ba67) Importer(815301076,1909f56bfc062723c751e8b465ee728b)  -> (artifact id: '51a863eb7f83ba20096f048f63d696ca') in 0.017777 seconds 
========================================================================
Received Import Request.
  Time since last request: 1.673117 seconds.
  path: Assets/Shared/Environment/Textures/ConcreteFloor_AmbientOcclusion.tif
  artifactKey: Guid(2e11d5f951d3c634da76947e39a8e670) Importer(815301076,1909f56bfc062723c751e8b465ee728b)
Start importing Assets/Shared/Environment/Textures/ConcreteFloor_AmbientOcclusion.tif using Guid(2e11d5f951d3c634da76947e39a8e670) Importer(815301076,1909f56bfc062723c751e8b465ee728b)  -> (artifact id: 'd96e497c8e979efea058e4411df8148d') in 0.015911 seconds 
========================================================================
Received Import Request.
  Time since last request: 0.000941 seconds.
  path: Assets/Shared/Environment/Materials/ConcreteFloor_MaskMap.png
  artifactKey: Guid(9e9fa999bc9755f4394b746dd807a48a) Importer(815301076,1909f56bfc062723c751e8b465ee728b)
Start importing Assets/Shared/Environment/Materials/ConcreteFloor_MaskMap.png using Guid(9e9fa999bc9755f4394b746dd807a48a) Importer(815301076,1909f56bfc062723c751e8b465ee728b)  -> (artifact id: '33e9d70c1577c852ed04ba34621e8481') in 0.017582 seconds 
========================================================================
Received Import Request.
  Time since last request: 40.161174 seconds.
  path: Assets/Shared/Environment/Textures/ConcreteFloor_MetallicSmooth.tif
  artifactKey: Guid(20929db29720c824681faf2ef34d3cc4) Importer(815301076,1909f56bfc062723c751e8b465ee728b)
Start importing Assets/Shared/Environment/Textures/ConcreteFloor_MetallicSmooth.tif using Guid(20929db29720c824681faf2ef34d3cc4) Importer(815301076,1909f56bfc062723c751e8b465ee728b)  -> (artifact id: '45cafa015d5e52ce77a52f4df04031d4') in 0.019593 seconds 
========================================================================
Received Import Request.
  Time since last request: 0.000824 seconds.
  path: Assets/ExampleAssets/Textures/Props/Jigsaw/Jigsaw_MetallicOcculusionSmoothness.tif
  artifactKey: Guid(3017ed6fed9d3bb49ba99bf738e2d626) Importer(815301076,1909f56bfc062723c751e8b465ee728b)
Start importing Assets/ExampleAssets/Textures/Props/Jigsaw/Jigsaw_MetallicOcculusionSmoothness.tif using Guid(3017ed6fed9d3bb49ba99bf738e2d626) Importer(815301076,1909f56bfc062723c751e8b465ee728b)  -> (artifact id: '1819e317f0d4162c763101291bf98611') in 0.017964 seconds 
========================================================================
Received Import Request.
  Time since last request: 0.000506 seconds.
  path: Assets/Shared/Environment/Textures/ConcreteWall_MetallicSmooth.tif
  artifactKey: Guid(1ab99eedfaf93af4e85990b5a98ffb96) Importer(815301076,1909f56bfc062723c751e8b465ee728b)
Start importing Assets/Shared/Environment/Textures/ConcreteWall_MetallicSmooth.tif using Guid(1ab99eedfaf93af4e85990b5a98ffb96) Importer(815301076,1909f56bfc062723c751e8b465ee728b)  -> (artifact id: 'b653adf805e72a3cd3c67fe24aeb9768') in 0.018794 seconds 
========================================================================
Received Import Request.
  Time since last request: 0.000619 seconds.
  path: Assets/ExampleAssets/Textures/Props/Construction_Light/ConstructionLight_Albedo.tif
  artifactKey: Guid(2ec6e1532acb1254f9f3797b5d82db44) Importer(815301076,1909f56bfc062723c751e8b465ee728b)
Start importing Assets/ExampleAssets/Textures/Props/Construction_Light/ConstructionLight_Albedo.tif using Guid(2ec6e1532acb1254f9f3797b5d82db44) Importer(815301076,1909f56bfc062723c751e8b465ee728b)  -> (artifact id: '2d5f9da4e3eeef9405b0a5474fcb2d95') in 0.020050 seconds 
========================================================================
Received Import Request.
  Time since last request: 0.000625 seconds.
  path: Assets/ExampleAssets/Textures/Props/Hammer/Hammer_MetallicOcculusionSmoothness.tif
  artifactKey: Guid(6c509e4ae024b5e4faeefb92dab5c812) Importer(815301076,1909f56bfc062723c751e8b465ee728b)
Start importing Assets/ExampleAssets/Textures/Props/Hammer/Hammer_MetallicOcculusionSmoothness.tif using Guid(6c509e4ae024b5e4faeefb92dab5c812) Importer(815301076,1909f56bfc062723c751e8b465ee728b)  -> (artifact id: '692c6b45abe2dd954e7c81dae322bc4d') in 0.016897 seconds 
========================================================================
Received Import Request.
  Time since last request: 0.000694 seconds.
  path: Assets/ExampleAssets/Textures/Props/Construction_Light/ConstructionLight_MetallicOcculusionSmoothness.tif
  artifactKey: Guid(9a81f1a59f171804e84fce76584bdcb7) Importer(815301076,1909f56bfc062723c751e8b465ee728b)
Start importing Assets/ExampleAssets/Textures/Props/Construction_Light/ConstructionLight_MetallicOcculusionSmoothness.tif using Guid(9a81f1a59f171804e84fce76584bdcb7) Importer(815301076,1909f56bfc062723c751e8b465ee728b)  -> (artifact id: '3407c30a9c606430afcbac5bf365aa6b') in 0.016922 seconds 
========================================================================
Received Import Request.
  Time since last request: 0.000801 seconds.
  path: Assets/ExampleAssets/Textures/Plastic/Elastic_MetallicOcculusionSmoothness.tif
  artifactKey: Guid(f5df2fb0c070b57429f8ca23b216093b) Importer(815301076,1909f56bfc062723c751e8b465ee728b)
Start importing Assets/ExampleAssets/Textures/Plastic/Elastic_MetallicOcculusionSmoothness.tif using Guid(f5df2fb0c070b57429f8ca23b216093b) Importer(815301076,1909f56bfc062723c751e8b465ee728b)  -> (artifact id: '4fbcaad2327a72628e3ba1ebd267e715') in 0.018139 seconds 
========================================================================
Received Import Request.
  Time since last request: 0.000588 seconds.
  path: Assets/ExampleAssets/Textures/Concrete/Ground_MetallicOcculusionSmoothness.tif
  artifactKey: Guid(a8d38587573a5f34c91c4ae0fbd8bfef) Importer(815301076,1909f56bfc062723c751e8b465ee728b)
Start importing Assets/ExampleAssets/Textures/Concrete/Ground_MetallicOcculusionSmoothness.tif using Guid(a8d38587573a5f34c91c4ae0fbd8bfef) Importer(815301076,1909f56bfc062723c751e8b465ee728b)  -> (artifact id: 'f5ef491d9af49aab9ae2431d36dc7758') in 0.015307 seconds 
========================================================================
Received Import Request.
  Time since last request: 1.015383 seconds.
  path: Assets/EffectExamples/Smoke & Steam Effects/Textures/Flame01.tif
  artifactKey: Guid(e2580e97efd2aa34580ef00fbec9a2d4) Importer(815301076,1909f56bfc062723c751e8b465ee728b)
Start importing Assets/EffectExamples/Smoke & Steam Effects/Textures/Flame01.tif using Guid(e2580e97efd2aa34580ef00fbec9a2d4) Importer(815301076,1909f56bfc062723c751e8b465ee728b)  -> (artifact id: '4543030a6806debf863ce1fb03886220') in 0.016728 seconds 
========================================================================
Received Prepare
Registering precompiled user dll's ...
Registered in 0.007078 seconds.
Begin MonoManager ReloadAssembly
Native extension for WindowsStandalone target not found
Refreshing native plugins compatible for Editor in 0.76 ms, found 2 plugins.
Preloading 0 native plugins for Editor in 0.00 ms.
Invalid AssetDatabase path: /Editor/EditorResources/cm_logo_sm.png. Use path relative to the project folder.
UnityEngine.StackTraceUtility:ExtractStackTrace ()
UnityEditor.AssetDatabase:LoadAssetAtPath<UnityEngine.Texture2D> (string)
Cinemachine.Editor.CinemachineSettings:get_CinemachineLogoTexture () (at Library/PackageCache/com.unity.cinemachine@2.5.0/Editor/Windows/CinemachineSettings.cs:193)
Cinemachine.Editor.CinemachineSettings:.cctor () (at Library/PackageCache/com.unity.cinemachine@2.5.0/Editor/Windows/CinemachineSettings.cs:225)
Cinemachine.CinemachineColliderPrefs:.cctor () (at Library/PackageCache/com.unity.cinemachine@2.5.0/Editor/Windows/CinemachineColliderPrefs.cs:61)
System.Runtime.CompilerServices.RuntimeHelpers:RunClassConstructor (System.RuntimeTypeHandle)
UnityEditor.EditorAssemblies:ProcessInitializeOnLoadAttributes (System.Type[])

[Library/PackageCache/com.unity.cinemachine@2.5.0/Editor/Windows/CinemachineSettings.cs line 193]

Mono: successfully reloaded assembly
- Completed reload, in  1.507 seconds
Domain Reload Profiling:
	ReloadAssembly (1508ms)
		BeginReloadAssembly (142ms)
			ExecutionOrderSort (0ms)
			DisableScriptedObjects (6ms)
			BackupInstance (0ms)
			ReleaseScriptingObjects (0ms)
			CreateAndSetChildDomain (42ms)
		EndReloadAssembly (1294ms)
			LoadAssemblies (128ms)
			RebuildTransferFunctionScriptingTraits (0ms)
			SetupTypeCache (451ms)
			ReleaseScriptCaches (3ms)
			RebuildScriptCaches (82ms)
			SetupLoadedEditorAssemblies (389ms)
				LogAssemblyErrors (0ms)
				InitializePlatformSupportModulesInManaged (5ms)
				SetLoadedEditorAssemblies (1ms)
				RefreshPlugins (1ms)
				BeforeProcessingInitializeOnLoad (90ms)
				ProcessInitializeOnLoadAttributes (265ms)
				ProcessInitializeOnLoadMethodAttributes (15ms)
				AfterProcessingInitializeOnLoad (12ms)
				EditorAssembliesLoaded (0ms)
			ExecutionOrderSort2 (0ms)
			AwakeInstancesAfterBackupRestoration (19ms)
Platform modules already initialized, skipping
Refreshing native plugins compatible for Editor in 1.75 ms, found 2 plugins.
Preloading 0 native plugins for Editor in 0.00 ms.
Unloading 4204 Unused Serialized files (Serialized files now loaded: 0)
System memory in use before: 290.7 MB.
System memory in use after: 291.0 MB.

Unloading 13 unused Assets to reduce memory usage. Loaded Objects now: 5243.
Total: 6.343800 ms (FindLiveObjects: 0.735900 ms CreateObjectMapping: 0.391200 ms MarkObjects: 5.153100 ms  DeleteObjects: 0.062200 ms)

AssetImportParameters requested are different than current active one (requested -> active):
  custom:framework-win-MediaFoundation: 216162199b28c13a410421893ffa2e32 -> 
  custom:video-decoder-ogg-theora: a1e56fd34408186e4bbccfd4996cb3dc -> 
  custom:container-muxer-webm: aa71ff27fc2769a1b78a27578f13a17b -> 
  custom:container-demuxer-webm: 4f35f7cbe854078d1ac9338744f61a02 -> 
  custom:container-demuxer-ogg: 62fdf1f143b41e24485cea50d1cbac27 -> 
  custom:video-encoder-webm-vp8: eb34c28f22e8b96e1ab97ce403110664 -> 
  custom:video-decoder-webm-vp8: 9c59270c3fd7afecdb556c50c9e8de78 -> 
  custom:audio-decoder-ogg-vorbis: bf7c407c2cedff20999df2af8eb42d56 -> 
  custom:audio-encoder-webm-vorbis: bf7c407c2cedff20999df2af8eb42d56 -> 
========================================================================
Received Import Request.
  Time since last request: 194.784145 seconds.
  path: Assets/Fire Particle Systems
  artifactKey: Guid(5c8da1be50937e54dbd3c49e9de74baa) Importer(815301076,1909f56bfc062723c751e8b465ee728b)
Start importing Assets/Fire Particle Systems using Guid(5c8da1be50937e54dbd3c49e9de74baa) Importer(815301076,1909f56bfc062723c751e8b465ee728b)  -> (artifact id: 'f7dfc32629b53cd559ebc339cdd01cf4') in 0.009355 seconds 
========================================================================
Received Import Request.
  Time since last request: 0.074976 seconds.
  path: Assets/Fire Particle Systems/UniversalRenderPipelineAsset.asset
  artifactKey: Guid(68b9364efa915437cb1f4c579332314a) Importer(815301076,1909f56bfc062723c751e8b465ee728b)
Start importing Assets/Fire Particle Systems/UniversalRenderPipelineAsset.asset using Guid(68b9364efa915437cb1f4c579332314a) Importer(815301076,1909f56bfc062723c751e8b465ee728b)  -> (artifact id: '9087116fef17bc1c5dcc6f6f5244a213') in 0.043826 seconds 
========================================================================
Received Import Request.
  Time since last request: 0.000705 seconds.
  path: Assets/Fire Particle Systems/UniversalRenderPipelineAsset_Renderer.asset
  artifactKey: Guid(c1e30f2cecc8d44deaf54980f5b72af1) Importer(815301076,1909f56bfc062723c751e8b465ee728b)
Start importing Assets/Fire Particle Systems/UniversalRenderPipelineAsset_Renderer.asset using Guid(c1e30f2cecc8d44deaf54980f5b72af1) Importer(815301076,1909f56bfc062723c751e8b465ee728b)  -> (artifact id: '707cc87d0199c9fd019dd75e63a60202') in 0.029603 seconds 
========================================================================
Received Import Request.
  Time since last request: 0.958424 seconds.
  path: Assets/Fire Particle Systems/Resources
  artifactKey: Guid(cfdd893df113442c88bd4dc507c20f16) Importer(815301076,1909f56bfc062723c751e8b465ee728b)
Start importing Assets/Fire Particle Systems/Resources using Guid(cfdd893df113442c88bd4dc507c20f16) Importer(815301076,1909f56bfc062723c751e8b465ee728b)  -> (artifact id: '0e7d37347e7927ba7fafa2a09f33666d') in 0.005819 seconds 
========================================================================
Received Import Request.
  Time since last request: 2.207454 seconds.
  path: Assets/Fire Particle Systems/Resources/Prefabs
  artifactKey: Guid(c9714808b960c408a9207e62a154c572) Importer(815301076,1909f56bfc062723c751e8b465ee728b)
Start importing Assets/Fire Particle Systems/Resources/Prefabs using Guid(c9714808b960c408a9207e62a154c572) Importer(815301076,1909f56bfc062723c751e8b465ee728b)  -> (artifact id: '0e9d01f3872fed902a2882b3d31a17e8') in 0.006023 seconds 
========================================================================
Received Import Request.
  Time since last request: 1.605302 seconds.
  path: Assets/Fire Particle Systems/Resources/Prefabs/Particle System Composite
  artifactKey: Guid(d939c6633a81d4bb0b0bbc321d4ac3eb) Importer(815301076,1909f56bfc062723c751e8b465ee728b)
Start importing Assets/Fire Particle Systems/Resources/Prefabs/Particle System Composite using Guid(d939c6633a81d4bb0b0bbc321d4ac3eb) Importer(815301076,1909f56bfc062723c751e8b465ee728b)  -> (artifact id: '2f2ba0e754ad2bbd61b1aad886724c08') in 0.005204 seconds 
========================================================================
Received Import Request.
  Time since last request: 0.101220 seconds.
  path: Assets/Fire Particle Systems/Resources/Prefabs/Particle System Composite/Explosion_00.prefab
  artifactKey: Guid(180b8d26899824fa8884b05d27ab33c2) Importer(815301076,1909f56bfc062723c751e8b465ee728b)
Start importing Assets/Fire Particle Systems/Resources/Prefabs/Particle System Composite/Explosion_00.prefab using Guid(180b8d26899824fa8884b05d27ab33c2) Importer(815301076,1909f56bfc062723c751e8b465ee728b)  -> (artifact id: 'b89bbc25631b210ad78c4d7b5077089b') in 0.711382 seconds 
========================================================================
Received Import Request.
  Time since last request: 0.000478 seconds.
  path: Assets/Fire Particle Systems/Resources/Prefabs/Particle System Composite/Fire_Small-Sparks_RateOverTime.prefab
  artifactKey: Guid(cd684bf5e14ff40bd9fde69f0ad12184) Importer(815301076,1909f56bfc062723c751e8b465ee728b)
Start importing Assets/Fire Particle Systems/Resources/Prefabs/Particle System Composite/Fire_Small-Sparks_RateOverTime.prefab using Guid(cd684bf5e14ff40bd9fde69f0ad12184) Importer(815301076,1909f56bfc062723c751e8b465ee728b)  -> (artifact id: '96832f1130b413c0678811d9c1c60681') in 0.178620 seconds 
========================================================================
Received Import Request.
  Time since last request: 0.000620 seconds.
  path: Assets/Fire Particle Systems/Resources/Prefabs/Particle System Composite/Explosion_01.prefab
  artifactKey: Guid(fc87bd5b7312d49d791633293250d799) Importer(815301076,1909f56bfc062723c751e8b465ee728b)
Start importing Assets/Fire Particle Systems/Resources/Prefabs/Particle System Composite/Explosion_01.prefab using Guid(fc87bd5b7312d49d791633293250d799) Importer(815301076,1909f56bfc062723c751e8b465ee728b)  -> (artifact id: 'a32154b117dda008770bf1dce20055ff') in 0.124257 seconds 
========================================================================
Received Import Request.
  Time since last request: 0.000645 seconds.
  path: Assets/Fire Particle Systems/Resources/Prefabs/Particle System Composite/Explosion_02.prefab
  artifactKey: Guid(333cb407bd051464898c89b94fff814d) Importer(815301076,1909f56bfc062723c751e8b465ee728b)
Start importing Assets/Fire Particle Systems/Resources/Prefabs/Particle System Composite/Explosion_02.prefab using Guid(333cb407bd051464898c89b94fff814d) Importer(815301076,1909f56bfc062723c751e8b465ee728b)  -> (artifact id: '9177b98c6454300caf09d1435f5d7db9') in 0.055490 seconds 
========================================================================
Received Import Request.
  Time since last request: 0.000688 seconds.
  path: Assets/Fire Particle Systems/Resources/Prefabs/Particle System Composite/Rain-Sparks.prefab
  artifactKey: Guid(317328d39745a44049c9f96550d59821) Importer(815301076,1909f56bfc062723c751e8b465ee728b)
Start importing Assets/Fire Particle Systems/Resources/Prefabs/Particle System Composite/Rain-Sparks.prefab using Guid(317328d39745a44049c9f96550d59821) Importer(815301076,1909f56bfc062723c751e8b465ee728b)  -> (artifact id: '87ca234199e90e56caa3855e07b9c1da') in 0.056307 seconds 
========================================================================
Received Import Request.
  Time since last request: 0.000621 seconds.
  path: Assets/Fire Particle Systems/Resources/Prefabs/Particle System Composite/Flash-Shockwave-Sparks.prefab
  artifactKey: Guid(bb464284dfa874c4aba37834629a0388) Importer(815301076,1909f56bfc062723c751e8b465ee728b)
Start importing Assets/Fire Particle Systems/Resources/Prefabs/Particle System Composite/Flash-Shockwave-Sparks.prefab using Guid(bb464284dfa874c4aba37834629a0388) Importer(815301076,1909f56bfc062723c751e8b465ee728b)  -> (artifact id: '1e0a16c5c3482eecc8c1bade03a1aa9e') in 0.045236 seconds 
========================================================================
Received Import Request.
  Time since last request: 0.000604 seconds.
  path: Assets/Fire Particle Systems/Resources/Prefabs/Particle System Composite/Flash-Shockwave-Smoke.prefab
  artifactKey: Guid(67f2a9421a64848c2bef46ef4b68cc1b) Importer(815301076,1909f56bfc062723c751e8b465ee728b)
Start importing Assets/Fire Particle Systems/Resources/Prefabs/Particle System Composite/Flash-Shockwave-Smoke.prefab using Guid(67f2a9421a64848c2bef46ef4b68cc1b) Importer(815301076,1909f56bfc062723c751e8b465ee728b)  -> (artifact id: 'bcb133e444384f481577c5b5b958b506') in 0.042114 seconds 
========================================================================
Received Import Request.
  Time since last request: 0.000745 seconds.
  path: Assets/Fire Particle Systems/Resources/Prefabs/Particle System Composite/Fire_Medium-Smoke-Sparks_RateOverTime.prefab
  artifactKey: Guid(75e54243e6d204bf7a1c6910b40e77f2) Importer(815301076,1909f56bfc062723c751e8b465ee728b)
Start importing Assets/Fire Particle Systems/Resources/Prefabs/Particle System Composite/Fire_Medium-Smoke-Sparks_RateOverTime.prefab using Guid(75e54243e6d204bf7a1c6910b40e77f2) Importer(815301076,1909f56bfc062723c751e8b465ee728b)  -> (artifact id: '05e8d0a66b94e04648f36d09e92c7f53') in 0.047211 seconds 
========================================================================
Received Import Request.
  Time since last request: 1.293085 seconds.
  path: Assets/Fire Particle Systems/Resources/Materials/ParticleSystem_Additive_Emission.mat
  artifactKey: Guid(d1a4a4eed5b514175b10a10ea1c19add) Importer(815301076,1909f56bfc062723c751e8b465ee728b)
Start importing Assets/Fire Particle Systems/Resources/Materials/ParticleSystem_Additive_Emission.mat using Guid(d1a4a4eed5b514175b10a10ea1c19add) Importer(815301076,1909f56bfc062723c751e8b465ee728b)  -> (artifact id: 'efe9c0c7272bcca666c5c4294a888c5f') in 0.139404 seconds 
========================================================================
Received Import Request.
  Time since last request: 5.296447 seconds.
  path: Assets/Fire Particle Systems/Resources/Materials/ParticleSystem_Additive_Emission_Fire.mat
  artifactKey: Guid(3cd423cca9a6c47ceb2f768bbbe890da) Importer(815301076,1909f56bfc062723c751e8b465ee728b)
Start importing Assets/Fire Particle Systems/Resources/Materials/ParticleSystem_Additive_Emission_Fire.mat using Guid(3cd423cca9a6c47ceb2f768bbbe890da) Importer(815301076,1909f56bfc062723c751e8b465ee728b)  -> (artifact id: '72eff9c36ff4b77a47b1e07456000b45') in 0.043771 seconds 
AssetImportWorkerClient::OnTransportError - code=2 error=End of file
